0 info it worked if it ends with ok
1 verbose cli [ '/home/codio/.nvm/v0.10.25/bin/node',
1 verbose cli   '/home/codio/.nvm/v0.10.25/bin/npm',
1 verbose cli   'install',
1 verbose cli   '-g',
1 verbose cli   'generator-mongodb' ]
2 info using npm@1.3.24
3 info using node@v0.10.25
4 verbose cache add [ 'generator-mongodb', null ]
5 verbose cache add name=undefined spec="generator-mongodb" args=["generator-mongodb",null]
6 verbose parsed url { protocol: null,
6 verbose parsed url   slashes: null,
6 verbose parsed url   auth: null,
6 verbose parsed url   host: null,
6 verbose parsed url   port: null,
6 verbose parsed url   hostname: null,
6 verbose parsed url   hash: null,
6 verbose parsed url   search: null,
6 verbose parsed url   query: null,
6 verbose parsed url   pathname: 'generator-mongodb',
6 verbose parsed url   path: 'generator-mongodb',
6 verbose parsed url   href: 'generator-mongodb' }
7 silly lockFile 54bdef38-generator-mongodb generator-mongodb
8 verbose lock generator-mongodb /home/codio/.npm/54bdef38-generator-mongodb.lock
9 silly lockFile 54bdef38-generator-mongodb generator-mongodb
10 silly lockFile 54bdef38-generator-mongodb generator-mongodb
11 verbose addNamed [ 'generator-mongodb', '' ]
12 verbose addNamed [ null, '*' ]
13 silly lockFile 778f2ceb-generator-mongodb generator-mongodb@
14 verbose lock generator-mongodb@ /home/codio/.npm/778f2ceb-generator-mongodb.lock
15 silly addNameRange { name: 'generator-mongodb', range: '*', hasData: false }
16 verbose url raw generator-mongodb
17 verbose url resolving [ 'https://registry.npmjs.org/', './generator-mongodb' ]
18 verbose url resolved https://registry.npmjs.org/generator-mongodb
19 info trying registry request attempt 1 at 01:06:08
20 http GET https://registry.npmjs.org/generator-mongodb
21 http 404 https://registry.npmjs.org/generator-mongodb
22 silly registry.get cb [ 404,
22 silly registry.get   { date: 'Mon, 16 Jun 2014 01:06:08 GMT',
22 silly registry.get     server: 'CouchDB/1.5.0 (Erlang OTP/R16B03)',
22 silly registry.get     'content-type': 'application/json',
22 silly registry.get     'cache-control': 'max-age=0',
22 silly registry.get     'content-length': '52',
22 silly registry.get     'accept-ranges': 'bytes',
22 silly registry.get     via: '1.1 varnish',
22 silly registry.get     age: '0',
22 silly registry.get     'x-served-by': 'cache-iad2122-IAD',
22 silly registry.get     'x-cache': 'MISS',
22 silly registry.get     'x-cache-hits': '0',
22 silly registry.get     'x-timer': 'S1402880768.124450,VS0,VE15',
22 silly registry.get     'keep-alive': 'timeout=10, max=50',
22 silly registry.get     connection: 'Keep-Alive' } ]
23 silly lockFile 778f2ceb-generator-mongodb generator-mongodb@
24 silly lockFile 778f2ceb-generator-mongodb generator-mongodb@
25 error 404 'generator-mongodb' is not in the npm registry.
25 error 404 You should bug the author to publish it
25 error 404
25 error 404 Note that you can also install from a
25 error 404 tarball, folder, or http url, or git url.
26 error System Linux 3.13.0-24-generic
27 error command "/home/codio/.nvm/v0.10.25/bin/node" "/home/codio/.nvm/v0.10.25/bin/npm" "install" "-g" "generator-mongodb"
28 error cwd /home/codio/workspace
29 error node -v v0.10.25
30 error npm -v 1.3.24
31 error code E404
32 verbose exit [ 1, true ]
